This is pdfTeX, Version 3.14159265-2.6-1.40.20 (TeX Live 2019) (preloaded format=pdflatex 2019.12.19)  21 DEC 2019 01:26
entering extended mode
 restricted \write18 enabled.
 %&-line parsing enabled.
**jhammond_final_report
(./jhammond_final_report.tex
LaTeX2e <2018-12-01>
(/usr/share/texlive/texmf-dist/tex/latex/base/article.cls
Document Class: article 2018/09/03 v1.4i Standard LaTeX document class
(/usr/share/texlive/texmf-dist/tex/latex/base/size10.clo
File: size10.clo 2018/09/03 v1.4i Standard LaTeX file (size option)
)
\c@part=\count80
\c@section=\count81
\c@subsection=\count82
\c@subsubsection=\count83
\c@paragraph=\count84
\c@subparagraph=\count85
\c@figure=\count86
\c@table=\count87
\abovecaptionskip=\skip41
\belowcaptionskip=\skip42
\bibindent=\dimen102
)
(/usr/share/texlive/texmf-dist/tex/latex/graphics/graphicx.sty
Package: graphicx 2017/06/01 v1.1a Enhanced LaTeX Graphics (DPC,SPQR)

(/usr/share/texlive/texmf-dist/tex/latex/graphics/keyval.sty
Package: keyval 2014/10/28 v1.15 key=value parser (DPC)
\KV@toks@=\toks14
)
(/usr/share/texlive/texmf-dist/tex/latex/graphics/graphics.sty
Package: graphics 2017/06/25 v1.2c Standard LaTeX Graphics (DPC,SPQR)

(/usr/share/texlive/texmf-dist/tex/latex/graphics/trig.sty
Package: trig 2016/01/03 v1.10 sin cos tan (DPC)
)
(/usr/share/texlive/texmf-dist/tex/latex/graphics-cfg/graphics.cfg
File: graphics.cfg 2016/06/04 v1.11 sample graphics configuration
)
Package graphics Info: Driver file: pdftex.def on input line 99.

(/usr/share/texlive/texmf-dist/tex/latex/graphics-def/pdftex.def
File: pdftex.def 2018/01/08 v1.0l Graphics/color driver for pdftex
))
\Gin@req@height=\dimen103
\Gin@req@width=\dimen104
)
(./jhammond_final_report.aux)
\openout1 = `jhammond_final_report.aux'.

LaTeX Font Info:    Checking defaults for OML/cmm/m/it on input line 7.
LaTeX Font Info:    ... okay on input line 7.
LaTeX Font Info:    Checking defaults for T1/cmr/m/n on input line 7.
LaTeX Font Info:    ... okay on input line 7.
LaTeX Font Info:    Checking defaults for OT1/cmr/m/n on input line 7.
LaTeX Font Info:    ... okay on input line 7.
LaTeX Font Info:    Checking defaults for OMS/cmsy/m/n on input line 7.
LaTeX Font Info:    ... okay on input line 7.
LaTeX Font Info:    Checking defaults for OMX/cmex/m/n on input line 7.
LaTeX Font Info:    ... okay on input line 7.
LaTeX Font Info:    Checking defaults for U/cmr/m/n on input line 7.
LaTeX Font Info:    ... okay on input line 7.

(/usr/share/texlive/texmf-dist/tex/context/base/mkii/supp-pdf.mkii
[Loading MPS to PDF converter (version 2006.09.02).]
\scratchcounter=\count88
\scratchdimen=\dimen105
\scratchbox=\box27
\nofMPsegments=\count89
\nofMParguments=\count90
\everyMPshowfont=\toks15
\MPscratchCnt=\count91
\MPscratchDim=\dimen106
\MPnumerator=\count92
\makeMPintoPDFobject=\count93
\everyMPtoPDFconversion=\toks16
) (/usr/share/texlive/texmf-dist/tex/latex/oberdiek/epstopdf-base.sty
Package: epstopdf-base 2016/05/15 v2.6 Base part for package epstopdf

(/usr/share/texlive/texmf-dist/tex/generic/oberdiek/infwarerr.sty
Package: infwarerr 2016/05/16 v1.4 Providing info/warning/error messages (HO)
)
(/usr/share/texlive/texmf-dist/tex/latex/oberdiek/grfext.sty
Package: grfext 2016/05/16 v1.2 Manage graphics extensions (HO)

(/usr/share/texlive/texmf-dist/tex/generic/oberdiek/kvdefinekeys.sty
Package: kvdefinekeys 2016/05/16 v1.4 Define keys (HO)

(/usr/share/texlive/texmf-dist/tex/generic/oberdiek/ltxcmds.sty
Package: ltxcmds 2016/05/16 v1.23 LaTeX kernel commands for general use (HO)
)))
(/usr/share/texlive/texmf-dist/tex/latex/oberdiek/kvoptions.sty
Package: kvoptions 2016/05/16 v3.12 Key value format for package options (HO)

(/usr/share/texlive/texmf-dist/tex/generic/oberdiek/kvsetkeys.sty
Package: kvsetkeys 2016/05/16 v1.17 Key value parser (HO)

(/usr/share/texlive/texmf-dist/tex/generic/oberdiek/etexcmds.sty
Package: etexcmds 2016/05/16 v1.6 Avoid name clashes with e-TeX commands (HO)

(/usr/share/texlive/texmf-dist/tex/generic/oberdiek/ifluatex.sty
Package: ifluatex 2016/05/16 v1.4 Provides the ifluatex switch (HO)
Package ifluatex Info: LuaTeX not detected.
))))
(/usr/share/texlive/texmf-dist/tex/generic/oberdiek/pdftexcmds.sty
Package: pdftexcmds 2018/09/10 v0.29 Utility functions of pdfTeX for LuaTeX (HO
)

(/usr/share/texlive/texmf-dist/tex/generic/oberdiek/ifpdf.sty
Package: ifpdf 2018/09/07 v3.3 Provides the ifpdf switch
)
Package pdftexcmds Info: LuaTeX not detected.
Package pdftexcmds Info: \pdf@primitive is available.
Package pdftexcmds Info: \pdf@ifprimitive is available.
Package pdftexcmds Info: \pdfdraftmode found.
)
Package epstopdf-base Info: Redefining graphics rule for `.eps' on input line 4
38.
Package grfext Info: Graphics extension search list:
(grfext)             [.pdf,.png,.jpg,.mps,.jpeg,.jbig2,.jb2,.PDF,.PNG,.JPG,.JPE
G,.JBIG2,.JB2,.eps]
(grfext)             \AppendGraphicsExtensions on input line 456.

(/usr/share/texlive/texmf-dist/tex/latex/latexconfig/epstopdf-sys.cfg
File: epstopdf-sys.cfg 2010/07/13 v1.3 Configuration of (r)epstopdf for TeX Liv
e
))
LaTeX Font Info:    External font `cmex10' loaded for size
(Font)              <12> on input line 10.
LaTeX Font Info:    External font `cmex10' loaded for size
(Font)              <8> on input line 10.
LaTeX Font Info:    External font `cmex10' loaded for size
(Font)              <6> on input line 10.

(./jhammond_final_report.toc
LaTeX Font Info:    External font `cmex10' loaded for size
(Font)              <7> on input line 3.
LaTeX Font Info:    External font `cmex10' loaded for size
(Font)              <5> on input line 3.
LaTeX Font Info:    Try loading font information for OMS+cmr on input line 5.

(/usr/share/texlive/texmf-dist/tex/latex/base/omscmr.fd
File: omscmr.fd 2014/09/29 v2.5h Standard LaTeX font definitions
)
LaTeX Font Info:    Font shape `OMS/cmr/m/n' in size <7> not available
(Font)              Font shape `OMS/cmsy/m/n' tried instead on input line 5.
)
\tf@toc=\write3
\openout3 = `jhammond_final_report.toc'.

 [1

{/usr/share/texlive/texmf-dist/fonts/map/pdftex/updmap/pdftex.map}]
Overfull \hbox (16.25629pt too wide) in paragraph at lines 15--15
[]\OT1/cmr/bx/n/14.4 Motivation for the Aug-mented Lis-ten-ing Project 
 []

<pictures/i2s_timing.png, id=13, 642.4pt x 196.735pt>
File: pictures/i2s_timing.png Graphic file (type png)
<use pictures/i2s_timing.png>
Package pdftex.def Info: pictures/i2s_timing.png  used on input line 50.
(pdftex.def)             Requested size: 321.19922pt x 98.36725pt.

LaTeX Warning: Citation `i2s' on page 2 undefined on input line 52.

[2]
LaTeX Font Info:    Font shape `OMS/cmr/bx/n' in size <7> not available
(Font)              Font shape `OMS/cmsy/b/n' tried instead on input line 58.
<pictures/avalon.png, id=18, 495.2904pt x 225.4824pt>
File: pictures/avalon.png Graphic file (type png)
<use pictures/avalon.png>
Package pdftex.def Info: pictures/avalon.png  used on input line 70.
(pdftex.def)             Requested size: 247.64459pt x 112.74092pt.


LaTeX Warning: Citation `avalon' on page 3 undefined on input line 74.

[3 <./pictures/i2s_timing.png> <./pictures/avalon.png (PNG copy)>]
<pictures/sim_close.png, id=25, 851.18pt x 384.43625pt>
File: pictures/sim_close.png Graphic file (type png)
<use pictures/sim_close.png>
Package pdftex.def Info: pictures/sim_close.png  used on input line 100.
(pdftex.def)             Requested size: 323.45175pt x 146.08728pt.
<pictures/mmap.png, id=26, 669.50125pt x 507.8975pt>
File: pictures/mmap.png Graphic file (type png)
<use pictures/mmap.png>
Package pdftex.def Info: pictures/mmap.png  used on input line 139.
(pdftex.def)             Requested size: 254.41312pt x 193.00305pt.


LaTeX Warning: Citation `mmap' on page 4 undefined on input line 140.

[4 <./pictures/sim_close.png>] [5 <./pictures/mmap.png (PNG copy)>]
LaTeX Font Info:    Font shape `OMS/cmr/bx/n' in size <8> not available
(Font)              Font shape `OMS/cmsy/b/n' tried instead on input line 171.
<pictures/signaltap.png, id=34, 1252.68pt x 605.1408pt>
File: pictures/signaltap.png Graphic file (type png)
<use pictures/signaltap.png>
Package pdftex.def Info: pictures/signaltap.png  used on input line 196.
(pdftex.def)             Requested size: 350.748pt x 169.43826pt.

Overfull \hbox (5.748pt too wide) in paragraph at lines 196--198
 [] 
 []

[6 <./pictures/signaltap.png (PNG copy)>]
<pictures/verilator.png, id=40, 256.96pt x 200.75pt>
File: pictures/verilator.png Graphic file (type png)
<use pictures/verilator.png>
Package pdftex.def Info: pictures/verilator.png  used on input line 218.
(pdftex.def)             Requested size: 128.47968pt x 100.37474pt.


LaTeX Warning: Citation `veripool' on page 7 undefined on input line 219.

<pictures/threads.png, id=41, 389.455pt x 178.6675pt>
File: pictures/threads.png Graphic file (type png)
<use pictures/threads.png>
Package pdftex.def Info: pictures/threads.png  used on input line 225.
(pdftex.def)             Requested size: 272.61664pt x 125.06639pt.

LaTeX Warning: Citation `veripool' on page 7 undefined on input line 226.

[7 <./pictures/verilator.png> <./pictures/threads.png>]
<pictures/myblock.png, id=48, 834.11626pt x 272.01625pt>
File: pictures/myblock.png Graphic file (type png)
<use pictures/myblock.png>
Package pdftex.def Info: pictures/myblock.png  used on input line 248.
(pdftex.def)             Requested size: 250.2368pt x 81.6055pt.
 [8 <./pictures/myblock.png>] (./jhammond_final_report.bbl
! Undefined control sequence.
l.4 ``{I}2{S} - {W}ikiwand.'' \url
                                  {https://www.wikiwand.com/en/I%C2%B2S}.
? R
OK, entering \nonstopmode...

Underfull \hbox (badness 7667) in paragraph at lines 4--6
[]\OT1/cmr/m/n/10 ``I2S - Wiki-wand.'' https://www.wikiwand.com/en/I (Ac-cessed
 on
 []

! Undefined control sequence.
l.9   \url
          {https://www.intel.com/content/www/us/en/programmable/documentatio...
The control sequence at the end of the top line
of your error message was never \def'ed. If you have
misspelled it (e.g., `\hobx'), type `I' and the correct
spelling (e.g., `I\hbox'). Otherwise just continue,
and I'll forget about whatever was undefined.


Overfull \hbox (258.02916pt too wide) in paragraph at lines 8--11
[]\OT1/cmr/m/n/10 ``Avalon In-ter-face Spec-i-fi-ca-tions.'' https://www.intel.
com/content/www/us/en/programmable/documentation/nik1412467993397.html.
 []

! Undefined control sequence.
l.14   \url
           {https://rocketboards.org/foswiki/Documentation/EmbeddedLinuxBegi...
The control sequence at the end of the top line
of your error message was never \def'ed. If you have
misspelled it (e.g., `\hobx'), type `I' and the correct
spelling (e.g., `I\hbox'). Otherwise just continue,
and I'll forget about whatever was undefined.


Overfull \hbox (35.34813pt too wide) in paragraph at lines 13--16
\OT1/cmr/m/n/10 https://rocketboards.org/foswiki/Documentation/EmbeddedLinuxBeg
innerSGuide.
 []

! Undefined control sequence.
l.19   \url
           {https://www.veripool.org/wiki/verilator}.
The control sequence at the end of the top line
of your error message was never \def'ed. If you have
misspelled it (e.g., `\hobx'), type `I' and the correct
spelling (e.g., `I\hbox'). Otherwise just continue,
and I'll forget about whatever was undefined.

! Missing } inserted.
<inserted text> 
                }
l.22 \end{thebibliography}
                          
I've inserted something that you may have forgotten.
(See the <inserted text> above.)
With luck, this will get me unwedged. But if you
really didn't forget anything, try typing `2' now; then
my insertion and my current dilemma will both disappear.

) [9] (./jhammond_final_report.aux)

LaTeX Warning: There were undefined references.


LaTeX Warning: Label(s) may have changed. Rerun to get cross-references right.

 ) 
Here is how much of TeX's memory you used:
 1523 strings out of 492671
 22213 string characters out of 6134269
 84963 words of memory out of 5000000
 5416 multiletter control sequences out of 15000+600000
 9647 words of font info for 34 fonts, out of 8000000 for 9000
 1137 hyphenation exceptions out of 8191
 41i,10n,27p,284b,317s stack positions out of 5000i,500n,10000p,200000b,80000s
</usr/share/texlive/texmf-dist/fonts/type1/public/amsfonts/cmextra/cmbsy7.pfb
></usr/share/texlive/texmf-dist/fonts/type1/public/amsfonts/cmextra/cmbsy8.pfb>
</usr/share/texlive/texmf-dist/fonts/type1/public/amsfonts/cm/cmbx10.pfb></usr/
share/texlive/texmf-dist/fonts/type1/public/amsfonts/cm/cmbx12.pfb></usr/share/
texlive/texmf-dist/fonts/type1/public/amsfonts/cm/cmbx5.pfb></usr/share/texlive
/texmf-dist/fonts/type1/public/amsfonts/cm/cmbx6.pfb></usr/share/texlive/texmf-
dist/fonts/type1/public/amsfonts/cm/cmr10.pfb></usr/share/texlive/texmf-dist/fo
nts/type1/public/amsfonts/cm/cmr12.pfb></usr/share/texlive/texmf-dist/fonts/typ
e1/public/amsfonts/cm/cmr17.pfb></usr/share/texlive/texmf-dist/fonts/type1/publ
ic/amsfonts/cm/cmr5.pfb></usr/share/texlive/texmf-dist/fonts/type1/public/amsfo
nts/cm/cmsy7.pfb>
Output written on jhammond_final_report.pdf (9 pages, 981891 bytes).
PDF statistics:
 92 PDF objects out of 1000 (max. 8388607)
 56 compressed objects within 1 object stream
 0 named destinations out of 1000 (max. 500000)
 41 words of extra memory for PDF output out of 10000 (max. 10000000)

